[1.393s] DEBUG:colcon:Command line arguments: ['/usr/bin/colcon', 'list', '-p', '--base-paths', '/home/adam/ES_images/ros2bag_tools']
[1.393s] DEBUG:colcon:Parsed command line arguments: Namespace(log_base=None, log_level=None, verb_name='list', build_base='build', ignore_user_meta=False, metas=['./colcon.meta'], base_paths=['/home/adam/ES_images/ros2bag_tools'], packages_ignore=None, packages_ignore_regex=None, paths=None, packages_up_to=None, packages_up_to_regex=None, packages_above=None, packages_above_and_dependencies=None, packages_above_depth=None, packages_select_by_dep=None, packages_skip_by_dep=None, packages_skip_up_to=None, packages_select_build_failed=False, packages_skip_build_finished=False, packages_select_test_failures=False, packages_skip_test_passed=False, packages_select=None, packages_skip=None, packages_select_regex=None, packages_skip_regex=None, packages_start=None, packages_end=None, allow_overriding=[], topological_order=False, names_only=False, paths_only=True, topological_graph=False, topological_graph_dot=False, topological_graph_density=False, topological_graph_legend=False, topological_graph_dot_cluster=False, topological_graph_dot_include_skipped=False, verb_parser=<colcon_defaults.argument_parser.defaults.DefaultArgumentsDecorator object at 0x7f29a09574c0>, verb_extension=<colcon_package_information.verb.list.ListVerb object at 0x7f29a0957460>, main=<bound method ListVerb.main of <colcon_package_information.verb.list.ListVerb object at 0x7f29a0957460>>)
[1.438s] Level 1:colcon.colcon_core.package_discovery:discover_packages(colcon_meta) check parameters
[1.438s] Level 1:colcon.colcon_core.package_discovery:discover_packages(recursive) check parameters
[1.438s] Level 1:colcon.colcon_core.package_discovery:discover_packages(ignore) check parameters
[1.438s] Level 1:colcon.colcon_core.package_discovery:discover_packages(path) check parameters
[1.438s] Level 1:colcon.colcon_core.package_discovery:discover_packages(recursive) discover
[1.438s] INFO:colcon.colcon_core.package_discovery:Crawling recursively for packages in '/home/adam/ES_images/ros2bag_tools'
[1.438s] Level 1:colcon.colcon_core.package_identification:_identify(/home/adam/ES_images/ros2bag_tools) by extensions ['ignore', 'ignore_ament_install']
[1.438s] Level 1:colcon.colcon_core.package_identification:_identify(/home/adam/ES_images/ros2bag_tools) by extension 'ignore'
[1.439s] Level 1:colcon.colcon_core.package_identification:_identify(/home/adam/ES_images/ros2bag_tools) by extension 'ignore_ament_install'
[1.439s] Level 1:colcon.colcon_core.package_identification:_identify(/home/adam/ES_images/ros2bag_tools) by extensions ['colcon_pkg']
[1.439s] Level 1:colcon.colcon_core.package_identification:_identify(/home/adam/ES_images/ros2bag_tools) by extension 'colcon_pkg'
[1.439s] Level 1:colcon.colcon_core.package_identification:_identify(/home/adam/ES_images/ros2bag_tools) by extensions ['colcon_meta']
[1.439s] Level 1:colcon.colcon_core.package_identification:_identify(/home/adam/ES_images/ros2bag_tools) by extension 'colcon_meta'
[1.439s] Level 1:colcon.colcon_core.package_identification:_identify(/home/adam/ES_images/ros2bag_tools) by extensions ['ros']
[1.439s] Level 1:colcon.colcon_core.package_identification:_identify(/home/adam/ES_images/ros2bag_tools) by extension 'ros'
[1.449s] Level 1:colcon.colcon_core.package_identification:_identify(/home/adam/ES_images/ros2bag_tools) by extensions ['cmake', 'python']
[1.449s] Level 1:colcon.colcon_core.package_identification:_identify(/home/adam/ES_images/ros2bag_tools) by extension 'cmake'
[1.449s] Level 1:colcon.colcon_core.package_identification:_identify(/home/adam/ES_images/ros2bag_tools) by extension 'python'
[1.449s] Level 1:colcon.colcon_core.package_identification:_identify(/home/adam/ES_images/ros2bag_tools) by extensions ['python_setup_py']
[1.449s] Level 1:colcon.colcon_core.package_identification:_identify(/home/adam/ES_images/ros2bag_tools) by extension 'python_setup_py'
[1.449s] Level 1:colcon.colcon_core.package_identification:_identify(/home/adam/ES_images/ros2bag_tools/log) by extensions ['ignore', 'ignore_ament_install']
[1.449s] Level 1:colcon.colcon_core.package_identification:_identify(/home/adam/ES_images/ros2bag_tools/log) by extension 'ignore'
[1.449s] Level 1:colcon.colcon_core.package_identification:_identify(/home/adam/ES_images/ros2bag_tools/log) ignored
[1.449s] Level 1:colcon.colcon_core.package_identification:_identify(/home/adam/ES_images/ros2bag_tools/src) by extensions ['ignore', 'ignore_ament_install']
[1.449s] Level 1:colcon.colcon_core.package_identification:_identify(/home/adam/ES_images/ros2bag_tools/src) by extension 'ignore'
[1.449s] Level 1:colcon.colcon_core.package_identification:_identify(/home/adam/ES_images/ros2bag_tools/src) by extension 'ignore_ament_install'
[1.450s] Level 1:colcon.colcon_core.package_identification:_identify(/home/adam/ES_images/ros2bag_tools/src) by extensions ['colcon_pkg']
[1.450s] Level 1:colcon.colcon_core.package_identification:_identify(/home/adam/ES_images/ros2bag_tools/src) by extension 'colcon_pkg'
[1.450s] Level 1:colcon.colcon_core.package_identification:_identify(/home/adam/ES_images/ros2bag_tools/src) by extensions ['colcon_meta']
[1.450s] Level 1:colcon.colcon_core.package_identification:_identify(/home/adam/ES_images/ros2bag_tools/src) by extension 'colcon_meta'
[1.450s] Level 1:colcon.colcon_core.package_identification:_identify(/home/adam/ES_images/ros2bag_tools/src) by extensions ['ros']
[1.450s] Level 1:colcon.colcon_core.package_identification:_identify(/home/adam/ES_images/ros2bag_tools/src) by extension 'ros'
[1.450s] Level 1:colcon.colcon_core.package_identification:_identify(/home/adam/ES_images/ros2bag_tools/src) by extensions ['cmake', 'python']
[1.450s] Level 1:colcon.colcon_core.package_identification:_identify(/home/adam/ES_images/ros2bag_tools/src) by extension 'cmake'
[1.450s] Level 1:colcon.colcon_core.package_identification:_identify(/home/adam/ES_images/ros2bag_tools/src) by extension 'python'
[1.450s] Level 1:colcon.colcon_core.package_identification:_identify(/home/adam/ES_images/ros2bag_tools/src) by extensions ['python_setup_py']
[1.450s] Level 1:colcon.colcon_core.package_identification:_identify(/home/adam/ES_images/ros2bag_tools/src) by extension 'python_setup_py'
[1.450s] Level 1:colcon.colcon_core.package_identification:_identify(/home/adam/ES_images/ros2bag_tools/src/db3tool) by extensions ['ignore', 'ignore_ament_install']
[1.450s] Level 1:colcon.colcon_core.package_identification:_identify(/home/adam/ES_images/ros2bag_tools/src/db3tool) by extension 'ignore'
[1.450s] Level 1:colcon.colcon_core.package_identification:_identify(/home/adam/ES_images/ros2bag_tools/src/db3tool) by extension 'ignore_ament_install'
[1.450s] Level 1:colcon.colcon_core.package_identification:_identify(/home/adam/ES_images/ros2bag_tools/src/db3tool) by extensions ['colcon_pkg']
[1.450s] Level 1:colcon.colcon_core.package_identification:_identify(/home/adam/ES_images/ros2bag_tools/src/db3tool) by extension 'colcon_pkg'
[1.450s] Level 1:colcon.colcon_core.package_identification:_identify(/home/adam/ES_images/ros2bag_tools/src/db3tool) by extensions ['colcon_meta']
[1.450s] Level 1:colcon.colcon_core.package_identification:_identify(/home/adam/ES_images/ros2bag_tools/src/db3tool) by extension 'colcon_meta'
[1.450s] Level 1:colcon.colcon_core.package_identification:_identify(/home/adam/ES_images/ros2bag_tools/src/db3tool) by extensions ['ros']
[1.450s] Level 1:colcon.colcon_core.package_identification:_identify(/home/adam/ES_images/ros2bag_tools/src/db3tool) by extension 'ros'
[1.453s] DEBUG:colcon.colcon_core.package_identification:Package '/home/adam/ES_images/ros2bag_tools/src/db3tool' with type 'ros.ament_python' and name 'db3tool'
[1.453s] Level 1:colcon.colcon_core.package_discovery:discover_packages(recursive) using defaults
